particlasm headless benchmark

Initializing C++ implementation: Done.
Test parameters:
    Implementation: C++
    Sim. time:      30.00
    Sim. framerate: 60.00
    Max particles:  28000
    Max vertices:   112000

Compiling emitter... Done.
Starting test... Done simulating 1800 frames.
42640 ms, avg. 23.69 ms/frame

Initializing assembly implementation: Done.
Test parameters:
    Implementation: assembly
    Sim. time:      30.00
    Sim. framerate: 60.00
    Max particles:  28000
    Max vertices:   112000

Compiling emitter... Done.
Starting test... Done simulating 1800 frames.
2956 ms, avg. 1.64 ms/frame

Assembly speed-up ratio: 14.4249
