particlasm headless benchmark

Initializing C++ implementation: Done.
Test parameters:
    Implementation: C++
    Sim. time:      30.00
    Sim. framerate: 60.00
    Max particles:  30000
    Max vertices:   120000

Compiling emitter... Done.
Starting test... Done simulating 1800 frames.
42572 ms, avg. 23.65 ms/frame

Initializing assembly implementation: Done.
Test parameters:
    Implementation: assembly
    Sim. time:      30.00
    Sim. framerate: 60.00
    Max particles:  30000
    Max vertices:   120000

Compiling emitter... Done.
Starting test... Done simulating 1800 frames.
2994 ms, avg. 1.66 ms/frame

Assembly speed-up ratio: 14.2191
