particlasm headless benchmark

Initializing C++ implementation: Done.
Test parameters:
    Implementation: C++
    Sim. time:      30.00
    Sim. framerate: 60.00
    Max particles:  20000
    Max vertices:   80000

Compiling emitter... Done.
Starting test... Done simulating 1800 frames.
32083 ms, avg. 17.82 ms/frame

Initializing assembly implementation: Done.
Test parameters:
    Implementation: assembly
    Sim. time:      30.00
    Sim. framerate: 60.00
    Max particles:  20000
    Max vertices:   80000

Compiling emitter... Done.
Starting test... Done simulating 1800 frames.
3616 ms, avg. 2.01 ms/frame

Assembly speed-up ratio: 8.8725
