particlasm headless benchmark

Initializing C++ implementation: Done.
Test parameters:
    Implementation: C++
    Sim. time:      30.00
    Sim. framerate: 60.00
    Max particles:  2000
    Max vertices:   8000

Compiling emitter... Done.
Starting test... Done simulating 1800 frames.
1485 ms, avg. 0.82 ms/frame

Initializing assembly implementation: Done.
Test parameters:
    Implementation: assembly
    Sim. time:      30.00
    Sim. framerate: 60.00
    Max particles:  2000
    Max vertices:   8000

Compiling emitter... Done.
Starting test... Done simulating 1800 frames.
587 ms, avg. 0.33 ms/frame

Assembly speed-up ratio: 2.5298
