particlasm headless benchmark

Initializing C++ implementation: Done.
Test parameters:
    Implementation: C++
    Sim. time:      30.00
    Sim. framerate: 60.00
    Max particles:  24000
    Max vertices:   96000

Compiling emitter... Done.
Starting test... Done simulating 1800 frames.
42416 ms, avg. 23.56 ms/frame

Initializing assembly implementation: Done.
Test parameters:
    Implementation: assembly
    Sim. time:      30.00
    Sim. framerate: 60.00
    Max particles:  24000
    Max vertices:   96000

Compiling emitter... Done.
Starting test... Done simulating 1800 frames.
2910 ms, avg. 1.62 ms/frame

Assembly speed-up ratio: 14.5759
