particlasm headless benchmark

Initializing C++ implementation: Done.
Test parameters:
    Implementation: C++
    Sim. time:      30.00
    Sim. framerate: 60.00
    Max particles:  18000
    Max vertices:   72000

Compiling emitter... Done.
Starting test... Done simulating 1800 frames.
31925 ms, avg. 17.74 ms/frame

Initializing assembly implementation: Done.
Test parameters:
    Implementation: assembly
    Sim. time:      30.00
    Sim. framerate: 60.00
    Max particles:  18000
    Max vertices:   72000

Compiling emitter... Done.
Starting test... Done simulating 1800 frames.
3685 ms, avg. 2.05 ms/frame

Assembly speed-up ratio: 8.6635
