particlasm headless benchmark

Initializing C++ implementation: Done.
Test parameters:
    Implementation: C++
    Sim. time:      30.00
    Sim. framerate: 60.00
    Max particles:  22000
    Max vertices:   88000

Compiling emitter... Done.
Starting test... Done simulating 1800 frames.
42672 ms, avg. 23.71 ms/frame

Initializing assembly implementation: Done.
Test parameters:
    Implementation: assembly
    Sim. time:      30.00
    Sim. framerate: 60.00
    Max particles:  22000
    Max vertices:   88000

Compiling emitter... Done.
Starting test... Done simulating 1800 frames.
2888 ms, avg. 1.60 ms/frame

Assembly speed-up ratio: 14.7756
