particlasm headless benchmark

Initializing C++ implementation: Done.
Test parameters:
    Implementation: C++
    Sim. time:      30.00
    Sim. framerate: 60.00
    Max particles:  24000
    Max vertices:   96000

Compiling emitter... Done.
Starting test... Done simulating 1800 frames.
12271 ms, avg. 6.82 ms/frame

Initializing assembly implementation: Done.
Test parameters:
    Implementation: assembly
    Sim. time:      30.00
    Sim. framerate: 60.00
    Max particles:  24000
    Max vertices:   96000

Compiling emitter... Done.
Starting test... Done simulating 1800 frames.
4060 ms, avg. 2.26 ms/frame

Assembly speed-up ratio: 3.0224
