particlasm headless benchmark

Initializing C++ implementation: Done.
Test parameters:
    Implementation: C++
    Sim. time:      30.00
    Sim. framerate: 60.00
    Max particles:  6000
    Max vertices:   24000

Compiling emitter... Done.
Starting test... Done simulating 1800 frames.
4223 ms, avg. 2.35 ms/frame

Initializing assembly implementation: Done.
Test parameters:
    Implementation: assembly
    Sim. time:      30.00
    Sim. framerate: 60.00
    Max particles:  6000
    Max vertices:   24000

Compiling emitter... Done.
Starting test... Done simulating 1800 frames.
2195 ms, avg. 1.22 ms/frame

Assembly speed-up ratio: 1.9239
