particlasm headless benchmark

Initializing C++ implementation: Done.
Test parameters:
    Implementation: C++
    Sim. time:      30.00
    Sim. framerate: 60.00
    Max particles:  4000
    Max vertices:   16000

Compiling emitter... Done.
Starting test... Done simulating 1800 frames.
2276 ms, avg. 1.26 ms/frame

Initializing assembly implementation: Done.
Test parameters:
    Implementation: assembly
    Sim. time:      30.00
    Sim. framerate: 60.00
    Max particles:  4000
    Max vertices:   16000

Compiling emitter... Done.
Starting test... Done simulating 1800 frames.
1461 ms, avg. 0.81 ms/frame

Assembly speed-up ratio: 1.5578
