particlasm headless benchmark

Initializing C++ implementation: Done.
Test parameters:
    Implementation: C++
    Sim. time:      30.00
    Sim. framerate: 60.00
    Max particles:  8000
    Max vertices:   32000

Compiling emitter... Done.
Starting test... Done simulating 1800 frames.
6765 ms, avg. 3.76 ms/frame

Initializing assembly implementation: Done.
Test parameters:
    Implementation: assembly
    Sim. time:      30.00
    Sim. framerate: 60.00
    Max particles:  8000
    Max vertices:   32000

Compiling emitter... Done.
Starting test... Done simulating 1800 frames.
2923 ms, avg. 1.62 ms/frame

Assembly speed-up ratio: 2.3144
