particlasm headless benchmark

Initializing C++ implementation: Done.
Test parameters:
    Implementation: C++
    Sim. time:      30.00
    Sim. framerate: 60.00
    Max particles:  22000
    Max vertices:   88000

Compiling emitter... Done.
Starting test... Done simulating 1800 frames.
16302 ms, avg. 9.06 ms/frame

Initializing assembly implementation: Done.
Test parameters:
    Implementation: assembly
    Sim. time:      30.00
    Sim. framerate: 60.00
    Max particles:  22000
    Max vertices:   88000

Compiling emitter... Done.
Starting test... Done simulating 1800 frames.
3170 ms, avg. 1.76 ms/frame

Assembly speed-up ratio: 5.1426
